<?xml version="1.0" encoding="UTF-8"?>
<!-- Generated by org.testng.reporters.JUnitReportReporter -->
<testsuite hostname="BDC4-D-5RK2RG2" name="testng1.sample" tests="3" failures="0" timestamp="2 Jul 2019 08:06:52 GMT" time="0.008" errors="0">
  <testcase name="test3" time="0.002" classname="testng1.sample"/>
  <testcase name="test2" time="0.005" classname="testng1.sample"/>
  <testcase name="test1" time="0.001" classname="testng1.sample"/>
</testsuite> <!-- testng1.sample -->
