<?xml version="1.0" encoding="UTF-8"?>
<!-- Generated by org.testng.reporters.JUnitReportReporter -->
<testsuite hostname="BDC4-D-5RK2RG2" name="testng1.tamil" tests="2" failures="0" timestamp="4 Jul 2019 03:57:17 GMT" time="50.747" errors="0">
  <testcase name="f" time="1.377" classname="testng1.tamil"/>
  <testcase name="reg" time="49.370" classname="testng1.tamil"/>
</testsuite> <!-- testng1.tamil -->
