<?xml version="1.0" encoding="UTF-8"?>
<!-- Generated by org.testng.reporters.JUnitReportReporter -->
<testsuite hostname="BDC4-D-5RK2RG2" name="testng1.basic" tests="6" failures="0" timestamp="3 Jul 2019 03:21:28 GMT" time="0.021" errors="0">
  <testcase name="test1" time="0.001" classname="testng1.basic"/>
  <testcase name="test2" time="0.001" classname="testng1.basic"/>
  <testcase name="test1" time="0.016" classname="testng1.basic"/>
  <testcase name="test2" time="0.001" classname="testng1.basic"/>
  <testcase name="test1" time="0.001" classname="testng1.basic"/>
  <testcase name="test2" time="0.001" classname="testng1.basic"/>
</testsuite> <!-- testng1.basic -->
