<?xml version="1.0" encoding="UTF-8"?>
<!-- Generated by org.testng.reporters.JUnitReportReporter -->
<testsuite hostname="BDC4-D-5RK2RG2" name="testng1.NewTest" tests="4" failures="0" timestamp="3 Jul 2019 10:47:05 GMT" time="0.013" errors="0">
  <testcase name="SignOn" time="0.003" classname="testng1.NewTest"/>
  <testcase name="Support" time="0.003" classname="testng1.NewTest"/>
  <testcase name="Contact" time="0.006" classname="testng1.NewTest"/>
  <testcase name="Reg" time="0.001" classname="testng1.NewTest"/>
</testsuite> <!-- testng1.NewTest -->
