<?xml version="1.0" encoding="UTF-8"?>
<!-- Generated by org.testng.reporters.JUnitReportReporter -->
<testsuite hostname="BDC4-D-5RK2RG2" name="DAS.Filesrc" tests="1" failures="0" timestamp="4 Jul 2019 09:58:28 GMT" time="0.748" errors="0">
  <testcase name="f" time="0.748" classname="DAS.Filesrc"/>
</testsuite> <!-- DAS.Filesrc -->
