<?xml version="1.0" encoding="UTF-8"?>
<!-- Generated by org.testng.reporters.JUnitReportReporter -->
<testsuite hostname="BDC4-D-5RK2RG2" name="testng1.DaProvi" tests="3" failures="0" timestamp="2 Jul 2019 11:41:14 GMT" time="0.022" errors="0">
  <testcase name="Datainf" time="0.003" classname="testng1.DaProvi"/>
  <testcase name="Datainf" time="0.017" classname="testng1.DaProvi"/>
  <testcase name="Datainf" time="0.002" classname="testng1.DaProvi"/>
</testsuite> <!-- testng1.DaProvi -->
