<?xml version="1.0" encoding="UTF-8"?>
<!-- Generated by org.testng.reporters.JUnitReportReporter -->
<testsuite hostname="BDC4-D-5RK2RG2" name="Locator.NewTest" tests="1" failures="0" timestamp="3 Jul 2019 06:00:22 GMT" time="17.159" errors="0">
  <testcase name="f" time="17.159" classname="Locator.NewTest"/>
</testsuite> <!-- Locator.NewTest -->
