<?xml version="1.0" encoding="UTF-8"?>
<!-- Generated by org.testng.reporters.JUnitReportReporter -->
<testsuite hostname="BDC4-D-5RK2RG2" name="Locator.Alertpop" tests="1" failures="0" timestamp="3 Jul 2019 11:40:47 GMT" time="27.728" errors="0">
  <testcase name="f" time="27.728" classname="Locator.Alertpop"/>
</testsuite> <!-- Locator.Alertpop -->
