<?xml version="1.0" encoding="UTF-8"?>
<!-- Generated by org.testng.reporters.JUnitReportReporter -->
<testsuite hostname="BDC4-D-5RK2RG2" name="Locator.CHK" tests="1" failures="0" timestamp="3 Jul 2019 11:45:04 GMT" time="6.854" errors="0">
  <testcase name="f" time="6.854" classname="Locator.CHK"/>
</testsuite> <!-- Locator.CHK -->
