<?xml version="1.0" encoding="UTF-8"?>
<!-- Generated by org.testng.reporters.JUnitReportReporter -->
<testsuite hostname="BDC4-D-5RK2RG2" name="Locator.Lists" tests="1" failures="0" timestamp="3 Jul 2019 06:46:28 GMT" time="58.745" errors="0">
  <testcase name="f" time="58.745" classname="Locator.Lists"/>
</testsuite> <!-- Locator.Lists -->
