<?xml version="1.0" encoding="UTF-8"?>
<!-- Generated by org.testng.reporters.JUnitReportReporter -->
<testsuite hostname="BDC4-D-5RK2RG2" name="Locator.Actonweb" tests="1" failures="0" timestamp="3 Jul 2019 10:50:46 GMT" time="16.440" errors="0">
  <testcase name="f" time="16.440" classname="Locator.Actonweb"/>
</testsuite> <!-- Locator.Actonweb -->
