<?xml version="1.0" encoding="UTF-8"?>
<!-- Generated by org.testng.reporters.JUnitReportReporter -->
<testsuite hostname="BDC4-D-5RK2RG2" name="Locator.GetAttri" tests="1" failures="0" timestamp="3 Jul 2019 06:19:33 GMT" time="10.138" errors="0">
  <testcase name="f" time="10.138" classname="Locator.GetAttri"/>
</testsuite> <!-- Locator.GetAttri -->
