<?xml version="1.0" encoding="UTF-8"?>
<!-- Generated by org.testng.reporters.JUnitReportReporter -->
<testsuite hostname="BDC4-D-5RK2RG2" name="testmeapp.testapp" tests="4" failures="0" timestamp="5 Jul 2019 09:00:48 GMT" time="180.701" errors="0">
  <testcase name="testLogin" time="109.693" classname="testmeapp.testapp"/>
  <testcase name="testPayment" time="11.658" classname="testmeapp.testapp"/>
  <testcase name="testRegistration" time="21.239" classname="testmeapp.testapp"/>
  <testcase name="testCart" time="38.111" classname="testmeapp.testapp"/>
</testsuite> <!-- testmeapp.testapp -->
